<?xml version="1.0" encoding="UTF-8"?>
<!-- Generated by org.testng.reporters.JUnitReportReporter -->
<testsuite skipped="0" hostname="DESKTOP-UV3GUN9" name="com.yatra.runner.Runner" tests="4" failures="0" timestamp="2021-09-12T19:22:51 IST" time="35.356" errors="0">
  <testcase name="loadsite" time="9.576" classname="com.yatra.runner.Runner"/>
  <system-out/>
  <testcase name="search" time="20.411" classname="com.yatra.runner.Runner"/>
  <system-out/>
  <testcase name="landingpage" time="1.403" classname="com.yatra.runner.Runner"/>
  <system-out/>
  <testcase name="page" time="3.966" classname="com.yatra.runner.Runner"/>
  <system-out/>
</testsuite> <!-- com.yatra.runner.Runner -->
